<?xml version="1.0" encoding="UTF-8"?>
<!-- Generated by org.testng.reporters.JUnitXMLReporter -->
<testsuite hostname="Andriis-MBP.home" ignored="4" name="Regression Test" tests="6" failures="0" timestamp="2020-06-01T22:28:41 EDT" time="73.492" errors="0">
  <testcase name="emptyUsernameLogin" time="0.349" classname="com.hrms.testcases.LoginTest"/>
  <testcase name="invalidPasswordLogin" time="1.147" classname="com.hrms.testcases.LoginTest"/>
  <testcase name="addEmployee" time="12.197" classname="com.hrms.testcases.AddEmployeeTest"/>
  <testcase name="addEmployee" time="13.389" classname="com.hrms.testcases.AddEmployeeTest"/>
  <testcase name="addEmployee" time="11.984" classname="com.hrms.testcases.AddEmployeeTest"/>
  <testcase name="addEmployee" time="12.842" classname="com.hrms.testcases.AddEmployeeTest"/>
  <testcase name="timeStamp" time="0.0" classname="com.hrms.testcases.LoginTest">
    <ignored/>
  </testcase> <!-- timeStamp -->
  <testcase name="@BeforeTest generateReport" time="0.0" classname="com.hrms.testbase.BaseClass">
    <ignored/>
  </testcase> <!-- @BeforeTest generateReport -->
  <testcase name="@AfterTest writeReport" time="0.0" classname="com.hrms.testbase.BaseClass">
    <ignored/>
  </testcase> <!-- @AfterTest writeReport -->
  <testcase name="validAdminLogin" time="0.0" classname="com.hrms.testcases.LoginTest">
    <ignored/>
  </testcase> <!-- validAdminLogin -->
</testsuite> <!-- Regression Test -->
