<?xml version="1.0" encoding="UTF-8"?>
<testng-results skipped="0" failed="0" ignored="9" total="10" passed="1">
  <reporter-output>
  </reporter-output>
  <suite name="Smoke Suite" duration-ms="9248" started-at="2020-06-02T20:19:23 EDT" finished-at="2020-06-02T20:19:32 EDT">
    <groups>
      <group name="smoke">
        <method signature="LoginTest.validAdminLogin()[pri:0, instance:com.hrms.testcases.LoginTest@7791a895]" name="validAdminLogin" class="com.hrms.testcases.LoginTest"/>
      </group> <!-- smoke -->
    </groups>
    <test name="Smoke Test" duration-ms="9248" started-at="2020-06-02T20:19:23 EDT" finished-at="2020-06-02T20:19:32 EDT">
      <class name="com.hrms.testcases.DefinePredifinedReportTest">
        <test-method status="PASS" signature="generateReport()[pri:0, instance:com.hrms.testcases.DefinePredifinedReportTest@57536d79]" name="generateReport" is-config="true" duration-ms="101" started-at="2020-06-02T20:19:23 EDT" finished-at="2020-06-02T20:19:23 EDT">
          <reporter-output>
          </reporter-output>
        </test-method> <!-- generateReport -->
        <test-method status="PASS" signature="writeReport()[pri:0, instance:com.hrms.testcases.DefinePredifinedReportTest@57536d79]" name="writeReport" is-config="true" duration-ms="290" started-at="2020-06-02T20:19:32 EDT" finished-at="2020-06-02T20:19:32 EDT">
          <reporter-output>
          </reporter-output>
        </test-method> <!-- writeReport -->
      </class> <!-- com.hrms.testcases.DefinePredifinedReportTest -->
      <class name="com.hrms.testcases.LoginTest">
        <test-method status="PASS" signature="setUp()[pri:0, instance:com.hrms.testcases.LoginTest@7791a895]" name="setUp" is-config="true" duration-ms="3320" started-at="2020-06-02T20:19:23 EDT" finished-at="2020-06-02T20:19:27 EDT">
          <reporter-output>
          </reporter-output>
        </test-method> <!-- setUp -->
        <test-method status="PASS" signature="validAdminLogin()[pri:0, instance:com.hrms.testcases.LoginTest@7791a895]" name="validAdminLogin" duration-ms="3835" started-at="2020-06-02T20:19:27 EDT" finished-at="2020-06-02T20:19:30 EDT">
          <reporter-output>
          </reporter-output>
        </test-method> <!-- validAdminLogin -->
        <test-method status="PASS" signature="tearDown()[pri:0, instance:com.hrms.testcases.LoginTest@7791a895]" name="tearDown" is-config="true" duration-ms="90" started-at="2020-06-02T20:19:32 EDT" finished-at="2020-06-02T20:19:32 EDT">
          <reporter-output>
          </reporter-output>
        </test-method> <!-- tearDown -->
      </class> <!-- com.hrms.testcases.LoginTest -->
    </test> <!-- Smoke Test -->
  </suite> <!-- Smoke Suite -->
</testng-results>
