<?xml version="1.0" encoding="UTF-8"?>
<testng-results skipped="0" failed="0" ignored="0" total="1" passed="1">
  <reporter-output>
  </reporter-output>
  <suite name="Default suite" duration-ms="17211" started-at="2020-06-02T20:05:53 EDT" finished-at="2020-06-02T20:06:10 EDT">
    <groups>
    </groups>
    <test name="Default test" duration-ms="17211" started-at="2020-06-02T20:05:53 EDT" finished-at="2020-06-02T20:06:10 EDT">
      <class name="com.hrms.testcases.DefinePredifinedReportTest">
        <test-method status="PASS" signature="generateReport()[pri:0, instance:com.hrms.testcases.DefinePredifinedReportTest@1b68ddbd]" name="generateReport" is-config="true" duration-ms="102" started-at="2020-06-02T20:05:53 EDT" finished-at="2020-06-02T20:05:53 EDT">
          <reporter-output>
          </reporter-output>
        </test-method> <!-- generateReport -->
        <test-method status="PASS" signature="setUp()[pri:0, instance:com.hrms.testcases.DefinePredifinedReportTest@1b68ddbd]" name="setUp" is-config="true" duration-ms="2944" started-at="2020-06-02T20:05:53 EDT" finished-at="2020-06-02T20:05:56 EDT">
          <reporter-output>
          </reporter-output>
        </test-method> <!-- setUp -->
        <test-method status="PASS" signature="defineReport()[pri:0, instance:com.hrms.testcases.DefinePredifinedReportTest@1b68ddbd]" name="defineReport" duration-ms="14041" started-at="2020-06-02T20:05:56 EDT" finished-at="2020-06-02T20:06:10 EDT">
          <reporter-output>
          </reporter-output>
        </test-method> <!-- defineReport -->
        <test-method status="PASS" signature="tearDown()[pri:0, instance:com.hrms.testcases.DefinePredifinedReportTest@1b68ddbd]" name="tearDown" is-config="true" duration-ms="95" started-at="2020-06-02T20:06:10 EDT" finished-at="2020-06-02T20:06:10 EDT">
          <reporter-output>
          </reporter-output>
        </test-method> <!-- tearDown -->
        <test-method status="PASS" signature="writeReport()[pri:0, instance:com.hrms.testcases.DefinePredifinedReportTest@1b68ddbd]" name="writeReport" is-config="true" duration-ms="2" started-at="2020-06-02T20:06:10 EDT" finished-at="2020-06-02T20:06:10 EDT">
          <reporter-output>
          </reporter-output>
        </test-method> <!-- writeReport -->
      </class> <!-- com.hrms.testcases.DefinePredifinedReportTest -->
    </test> <!-- Default test -->
  </suite> <!-- Default suite -->
</testng-results>
